2024-08-21 20:15:34 - INFO - Selected model path: pt\WoodDisc.pt
2024-08-21 20:15:34 - INFO - Loading YOLOv5 model...
2024-08-21 20:15:35 - DEBUG - CACHEDIR=C:\Users\A\.matplotlib
2024-08-21 20:15:35 - DEBUG - Using fontManager instance from C:\Users\A\.matplotlib\fontlist-v390.json
2024-08-21 20:15:39 - DEBUG - Loaded backend Agg version v2.2.
2024-08-21 20:15:40 - INFO - Model loaded successfully.
2024-08-21 20:15:40 - INFO - Processing image: C:/Users/A/Desktop/m\y1-36.jpg
2024-08-21 20:15:42 - INFO - Inference result saved to: C:/Users/A/Desktop/m\DetectResults\y1-36.jpg
2024-08-21 20:15:42 - INFO - Processing image: C:/Users/A/Desktop/m\y1-39-(0-1).jpg
2024-08-21 20:15:44 - INFO - Inference result saved to: C:/Users/A/Desktop/m\DetectResults\y1-39-(0-1).jpg
2024-08-21 20:15:44 - INFO - Processing image: C:/Users/A/Desktop/m\y1-39-(2-6).jpg
2024-08-21 20:15:46 - INFO - Inference result saved to: C:/Users/A/Desktop/m\DetectResults\y1-39-(2-6).jpg
2024-08-21 20:15:46 - INFO - Processing image: C:/Users/A/Desktop/m\y1-55.jpg
2024-08-21 20:15:48 - INFO - Inference result saved to: C:/Users/A/Desktop/m\DetectResults\y1-55.jpg
2024-08-21 20:17:44 - INFO - Selected model path: pt\WoodDisc.pt
2024-08-21 20:17:44 - INFO - Loading YOLOv5 model...
2024-08-21 20:17:46 - DEBUG - CACHEDIR=C:\Users\A\.matplotlib
2024-08-21 20:17:46 - DEBUG - Using fontManager instance from C:\Users\A\.matplotlib\fontlist-v390.json
2024-08-21 20:17:49 - DEBUG - Loaded backend Agg version v2.2.
2024-08-21 20:17:50 - INFO - Model loaded successfully.
2024-08-21 20:17:50 - INFO - Processing image: C:/Users/A/Desktop/m\y1-36.jpg
2024-08-21 20:17:51 - INFO - Inference result saved to: C:/Users/A/Desktop/m\DetectResults\y1-36.jpg
2024-08-21 20:17:51 - INFO - Processing image: C:/Users/A/Desktop/m\y1-39-(0-1).jpg
2024-08-21 20:17:53 - INFO - Inference result saved to: C:/Users/A/Desktop/m\DetectResults\y1-39-(0-1).jpg
2024-08-21 20:17:53 - INFO - Processing image: C:/Users/A/Desktop/m\y1-39-(2-6).jpg
2024-08-21 20:17:55 - INFO - Inference result saved to: C:/Users/A/Desktop/m\DetectResults\y1-39-(2-6).jpg
2024-08-21 20:17:55 - INFO - Processing image: C:/Users/A/Desktop/m\y1-55.jpg
2024-08-21 20:17:57 - INFO - Inference result saved to: C:/Users/A/Desktop/m\DetectResults\y1-55.jpg
2024-08-22 08:42:52 - INFO - Selected model path: pt\WoodDisc.pt
2024-08-22 08:42:52 - INFO - Loading YOLOv5 model...
2024-08-22 08:42:55 - DEBUG - CACHEDIR=C:\Users\A\.matplotlib
2024-08-22 08:42:55 - DEBUG - Using fontManager instance from C:\Users\A\.matplotlib\fontlist-v390.json
2024-08-22 08:42:59 - DEBUG - Loaded backend Agg version v2.2.
2024-08-22 08:43:00 - INFO - Model loaded successfully.
2024-08-22 08:43:00 - INFO - Processing image: C:/Users/A/Desktop/m\y1-36.jpg
2024-08-22 08:43:02 - INFO - Inference result saved to: C:/Users/A/Desktop/m\DetectResults\y1-36.jpg
2024-08-22 08:43:02 - INFO - Processing image: C:/Users/A/Desktop/m\y1-39-(0-1).jpg
2024-08-22 08:43:04 - INFO - Inference result saved to: C:/Users/A/Desktop/m\DetectResults\y1-39-(0-1).jpg
2024-08-22 08:43:04 - INFO - Processing image: C:/Users/A/Desktop/m\y1-39-(2-6).jpg
2024-08-22 08:43:06 - INFO - Inference result saved to: C:/Users/A/Desktop/m\DetectResults\y1-39-(2-6).jpg
2024-08-22 08:43:06 - INFO - Processing image: C:/Users/A/Desktop/m\y1-55.jpg
2024-08-22 08:43:08 - INFO - Inference result saved to: C:/Users/A/Desktop/m\DetectResults\y1-55.jpg
2024-08-22 08:47:32 - INFO - Selected model path: pt\WoodDisc.pt
2024-08-22 08:47:32 - INFO - Loading YOLOv5 model...
2024-08-22 08:47:33 - DEBUG - CACHEDIR=C:\Users\A\.matplotlib
2024-08-22 08:47:33 - DEBUG - Using fontManager instance from C:\Users\A\.matplotlib\fontlist-v390.json
2024-08-22 08:47:37 - DEBUG - Loaded backend Agg version v2.2.
2024-08-22 08:47:37 - INFO - Model loaded successfully.
2024-08-22 08:47:37 - INFO - Processing image: C:/Users/A/Desktop/m\y1-36.jpg
2024-08-22 08:47:39 - INFO - Inference result saved to: C:/Users/A/Desktop/m\DetectResults\y1-36.jpg
2024-08-22 08:47:39 - INFO - Processing image: C:/Users/A/Desktop/m\y1-39-(0-1).jpg
2024-08-22 08:47:41 - INFO - Inference result saved to: C:/Users/A/Desktop/m\DetectResults\y1-39-(0-1).jpg
2024-08-22 08:47:41 - INFO - Processing image: C:/Users/A/Desktop/m\y1-39-(2-6).jpg
2024-08-22 08:47:43 - INFO - Inference result saved to: C:/Users/A/Desktop/m\DetectResults\y1-39-(2-6).jpg
2024-08-22 08:47:43 - INFO - Processing image: C:/Users/A/Desktop/m\y1-55.jpg
2024-08-22 08:47:45 - INFO - Inference result saved to: C:/Users/A/Desktop/m\DetectResults\y1-55.jpg
